11:47:49 **** Incremental Build of configuration Debug for project NUCLEO-H745ZI-Q-CUBE-AI-TEMPLATE_CM4 ****
make -j8 all 
arm-none-eabi-size   NUCLEO-H745ZI-Q-CUBE-AI-TEMPLATE_CM4.elf 
   text	   data	    bss	    dec	    hex	filename
  26740	    124	   2140	  29004	   714c	NUCLEO-H745ZI-Q-CUBE-AI-TEMPLATE_CM4.elf
Finished building: default.size.stdout
 
11:48:59 **** Incremental Build of configuration Debug for project NUCLEO-H745ZI-Q-CUBE-AI-TEMPLATE_CM4 ****
make -j8 all 
arm-none-eabi-size   NUCLEO-H745ZI-Q-CUBE-AI-TEMPLATE_CM4.elf 
   text	   data	    bss	    dec	    hex	filename
  26740	    124	   2140	  29004	   714c	NUCLEO-H745ZI-Q-CUBE-AI-TEMPLATE_CM4.elf
Finished building: default.size.stdout
 
11:49:00 **** Incremental Build of configuration Release for project NUCLEO-H745ZI-Q-CUBE-AI-TEMPLATE_CM7 ****
make -j8 all 
arm-none-eabi-size   NUCLEO-H745ZI-Q-CUBE-AI-TEMPLATE_CM7.elf 
   text	   data	    bss	    dec	    hex	filename
  53660	   2612	   3224	  59496	   e868	NUCLEO-H745ZI-Q-CUBE-AI-TEMPLATE_CM7.elf
Finished building: default.size.stdout
 
11:49:56 **** Incremental Build of configuration Debug for project NUCLEO-H745ZI-Q-CUBE-AI-TEMPLATE_CM4 ****
make -j8 all 
arm-none-eabi-size   NUCLEO-H745ZI-Q-CUBE-AI-TEMPLATE_CM4.elf 
   text	   data	    bss	    dec	    hex	filename
  26740	    124	   2140	  29004	   714c	NUCLEO-H745ZI-Q-CUBE-AI-TEMPLATE_CM4.elf
Finished building: default.size.stdout
 
11:49:57 **** Incremental Build of configuration Release for project NUCLEO-H745ZI-Q-CUBE-AI-TEMPLATE_CM7 ****
make -j8 all 
arm-none-eabi-size   NUCLEO-H745ZI-Q-CUBE-AI-TEMPLATE_CM7.elf 
   text	   data	    bss	    dec	    hex	filename
  53660	   2612	   3224	  59496	   e868	NUCLEO-H745ZI-Q-CUBE-AI-TEMPLATE_CM7.elf
Finished building: default.size.stdout
 
11:52:36 **** Incremental Build of configuration Debug for project NUCLEO-H745ZI-Q-CUBE-AI-TEMPLATE_CM4 ****
make -j8 all 
arm-none-eabi-size   NUCLEO-H745ZI-Q-CUBE-AI-TEMPLATE_CM4.elf 
   text	   data	    bss	    dec	    hex	filename
  26740	    124	   2140	  29004	   714c	NUCLEO-H745ZI-Q-CUBE-AI-TEMPLATE_CM4.elf
Finished building: default.size.stdout
 
11:52:37 **** Incremental Build of configuration Release for project NUCLEO-H745ZI-Q-CUBE-AI-TEMPLATE_CM7 ****
make -j8 all 
arm-none-eabi-gcc "../Core/Src/main.c" -mcpu=cortex-m7 -std=gnu11 -DCORE_CM7 -DUSE_HAL_DRIVER -DSTM32H745xx -c -I../Core/Inc -I../../Drivers/STM32H7xx_HAL_Driver/Inc -I../../Drivers/STM32H7xx_HAL_Driver/Inc/Legacy -I../../Drivers/CMSIS/Device/ST/STM32H7xx/Include -I../../Drivers/CMSIS/Include -I../../Middlewares/ST/AI/Inc -I../X-CUBE-AI/App -Os -ffunction-sections -fdata-sections -Wall -fstack-usage -MMD -MP -MF"Core/Src/main.d" -MT"Core/Src/main.o" --specs=nano.specs -mfpu=fpv5-d16 -mfloat-abi=hard -mthumb -o "Core/Src/main.o"
arm-none-eabi-g++ -o "NUCLEO-H745ZI-Q-CUBE-AI-TEMPLATE_CM7.elf" @"objects.list"  -l:NetworkRuntime700_CM7_GCC.a -mcpu=cortex-m7 -T"C:\Users\robin\OneDrive\Hochschule\Master\Masterarbeit\Programme\STM32-Workspace-Steppermotor-Project\NUCLEO-H745ZI-Q-CUBE-AI-TEMPLATE\CM7\STM32H745ZITX_FLASH.ld" --specs=nosys.specs -Wl,-Map="NUCLEO-H745ZI-Q-CUBE-AI-TEMPLATE_CM7.map" -Wl,--gc-sections -static -L../../Middlewares/ST/AI/Lib --specs=nano.specs -mfpu=fpv5-d16 -mfloat-abi=hard -mthumb -u _printf_float -u _scanf_float -Wl,--start-group -lc -lm -lstdc++ -lsupc++ -Wl,--end-group
Finished building target: NUCLEO-H745ZI-Q-CUBE-AI-TEMPLATE_CM7.elf
 
arm-none-eabi-size   NUCLEO-H745ZI-Q-CUBE-AI-TEMPLATE_CM7.elf 
arm-none-eabi-objdump -h -S  NUCLEO-H745ZI-Q-CUBE-AI-TEMPLATE_CM7.elf  > "NUCLEO-H745ZI-Q-CUBE-AI-TEMPLATE_CM7.list"
arm-none-eabi-objcopy  -O binary  NUCLEO-H745ZI-Q-CUBE-AI-TEMPLATE_CM7.elf  "NUCLEO-H745ZI-Q-CUBE-AI-TEMPLATE_CM7.bin"
   text	   data	    bss	    dec	    hex	filename
  53868	   2612	   3224	  59704	   e938	NUCLEO-H745ZI-Q-CUBE-AI-TEMPLATE_CM7.elf
Finished building: default.size.stdout
 
Finished building: NUCLEO-H745ZI-Q-CUBE-AI-TEMPLATE_CM7.bin
 
Finished building: NUCLEO-H745ZI-Q-CUBE-AI-TEMPLATE_CM7.list
 
11:53:22 **** Incremental Build of configuration Debug for project NUCLEO-H745ZI-Q-CUBE-AI-TEMPLATE_CM4 ****
make -j8 all 
arm-none-eabi-size   NUCLEO-H745ZI-Q-CUBE-AI-TEMPLATE_CM4.elf 
   text	   data	    bss	    dec	    hex	filename
  26740	    124	   2140	  29004	   714c	NUCLEO-H745ZI-Q-CUBE-AI-TEMPLATE_CM4.elf
Finished building: default.size.stdout
 
11:53:23 **** Incremental Build of configuration Release for project NUCLEO-H745ZI-Q-CUBE-AI-TEMPLATE_CM7 ****
make -j8 all 
arm-none-eabi-gcc "../Core/Src/main.c" -mcpu=cortex-m7 -std=gnu11 -DCORE_CM7 -DUSE_HAL_DRIVER -DSTM32H745xx -c -I../Core/Inc -I../../Drivers/STM32H7xx_HAL_Driver/Inc -I../../Drivers/STM32H7xx_HAL_Driver/Inc/Legacy -I../../Drivers/CMSIS/Device/ST/STM32H7xx/Include -I../../Drivers/CMSIS/Include -I../../Middlewares/ST/AI/Inc -I../X-CUBE-AI/App -Os -ffunction-sections -fdata-sections -Wall -fstack-usage -MMD -MP -MF"Core/Src/main.d" -MT"Core/Src/main.o" --specs=nano.specs -mfpu=fpv5-d16 -mfloat-abi=hard -mthumb -o "Core/Src/main.o"
arm-none-eabi-g++ -o "NUCLEO-H745ZI-Q-CUBE-AI-TEMPLATE_CM7.elf" @"objects.list"  -l:NetworkRuntime700_CM7_GCC.a -mcpu=cortex-m7 -T"C:\Users\robin\OneDrive\Hochschule\Master\Masterarbeit\Programme\STM32-Workspace-Steppermotor-Project\NUCLEO-H745ZI-Q-CUBE-AI-TEMPLATE\CM7\STM32H745ZITX_FLASH.ld" --specs=nosys.specs -Wl,-Map="NUCLEO-H745ZI-Q-CUBE-AI-TEMPLATE_CM7.map" -Wl,--gc-sections -static -L../../Middlewares/ST/AI/Lib --specs=nano.specs -mfpu=fpv5-d16 -mfloat-abi=hard -mthumb -u _printf_float -u _scanf_float -Wl,--start-group -lc -lm -lstdc++ -lsupc++ -Wl,--end-group
Finished building target: NUCLEO-H745ZI-Q-CUBE-AI-TEMPLATE_CM7.elf
 
arm-none-eabi-size   NUCLEO-H745ZI-Q-CUBE-AI-TEMPLATE_CM7.elf 
arm-none-eabi-objdump -h -S  NUCLEO-H745ZI-Q-CUBE-AI-TEMPLATE_CM7.elf  > "NUCLEO-H745ZI-Q-CUBE-AI-TEMPLATE_CM7.list"
arm-none-eabi-objcopy  -O binary  NUCLEO-H745ZI-Q-CUBE-AI-TEMPLATE_CM7.elf  "NUCLEO-H745ZI-Q-CUBE-AI-TEMPLATE_CM7.bin"
   text	   data	    bss	    dec	    hex	filename
  53884	   2612	   3224	  59720	   e948	NUCLEO-H745ZI-Q-CUBE-AI-TEMPLATE_CM7.elf
Finished building: default.size.stdout
 
Finished building: NUCLEO-H745ZI-Q-CUBE-AI-TEMPLATE_CM7.bin
 
Finished building: NUCLEO-H745ZI-Q-CUBE-AI-TEMPLATE_CM7.list
 
11:55:19 **** Incremental Build of configuration Debug for project NUCLEO-H745ZI-Q-CUBE-AI-TEMPLATE_CM4 ****
make -j8 all 
arm-none-eabi-gcc "../Core/Src/main.c" -mcpu=cortex-m4 -std=gnu11 -g3 -DDEBUG -DCORE_CM4 -DUSE_HAL_DRIVER -DSTM32H745xx -c -I../Core/Inc -I../../Drivers/STM32H7xx_HAL_Driver/Inc -I../../Drivers/STM32H7xx_HAL_Driver/Inc/Legacy -I../../Drivers/CMSIS/Device/ST/STM32H7xx/Include -I../../Drivers/CMSIS/Include -I"C:/Users/robin/OneDrive/Hochschule/Master/Masterarbeit/Programme/STM32-Workspace-Steppermotor-Project/NUCLEO-H745ZI-Q-CUBE-AI-TEMPLATE/CM4/TMC-API/tmc/helpers" -I"C:/Users/robin/OneDrive/Hochschule/Master/Masterarbeit/Programme/STM32-Workspace-Steppermotor-Project/NUCLEO-H745ZI-Q-CUBE-AI-TEMPLATE/CM4/TMC-API/tmc/ramp" -I"C:/Users/robin/OneDrive/Hochschule/Master/Masterarbeit/Programme/STM32-Workspace-Steppermotor-Project/NUCLEO-H745ZI-Q-CUBE-AI-TEMPLATE/CM4/TMC-API" -I"C:/Users/robin/OneDrive/Hochschule/Master/Masterarbeit/Programme/STM32-Workspace-Steppermotor-Project/NUCLEO-H745ZI-Q-CUBE-AI-TEMPLATE/CM4/TMC-API/tmc/ic/TMC4361A" -I"C:/Users/robin/OneDrive/Hochschule/Master/Masterarbeit/Programme/STM32-Workspace-Steppermotor-Project/NUCLEO-H745ZI-Q-CUBE-AI-TEMPLATE/CM4/TMC-API/tmc/ic/TMC2130" -O0 -ffunction-sections -fdata-sections -Wall -fstack-usage -MMD -MP -MF"Core/Src/main.d" -MT"Core/Src/main.o" --specs=nano.specs -mfpu=fpv4-sp-d16 -mfloat-abi=hard -mthumb -o "Core/Src/main.o"
arm-none-eabi-g++ -o "NUCLEO-H745ZI-Q-CUBE-AI-TEMPLATE_CM4.elf" @"objects.list"   -mcpu=cortex-m4 -T"C:\Users\robin\OneDrive\Hochschule\Master\Masterarbeit\Programme\STM32-Workspace-Steppermotor-Project\NUCLEO-H745ZI-Q-CUBE-AI-TEMPLATE\CM4\STM32H745ZITX_FLASH.ld" --specs=nosys.specs -Wl,-Map="NUCLEO-H745ZI-Q-CUBE-AI-TEMPLATE_CM4.map" -Wl,--gc-sections -static --specs=nano.specs -mfpu=fpv4-sp-d16 -mfloat-abi=hard -mthumb -Wl,--start-group -lc -lm -lstdc++ -lsupc++ -Wl,--end-group
Finished building target: NUCLEO-H745ZI-Q-CUBE-AI-TEMPLATE_CM4.elf
 
arm-none-eabi-size   NUCLEO-H745ZI-Q-CUBE-AI-TEMPLATE_CM4.elf 
arm-none-eabi-objdump -h -S  NUCLEO-H745ZI-Q-CUBE-AI-TEMPLATE_CM4.elf  > "NUCLEO-H745ZI-Q-CUBE-AI-TEMPLATE_CM4.list"
arm-none-eabi-objcopy  -O binary  NUCLEO-H745ZI-Q-CUBE-AI-TEMPLATE_CM4.elf  "NUCLEO-H745ZI-Q-CUBE-AI-TEMPLATE_CM4.bin"
   text	   data	    bss	    dec	    hex	filename
  26748	    124	   2140	  29012	   7154	NUCLEO-H745ZI-Q-CUBE-AI-TEMPLATE_CM4.elf
Finished building: default.size.stdout
 
Finished building: NUCLEO-H745ZI-Q-CUBE-AI-TEMPLATE_CM4.bin
 
Finished building: NUCLEO-H745ZI-Q-CUBE-AI-TEMPLATE_CM4.list
 
11:55:21 **** Incremental Build of configuration Release for project NUCLEO-H745ZI-Q-CUBE-AI-TEMPLATE_CM7 ****
make -j8 all 
arm-none-eabi-gcc "../Core/Src/main.c" -mcpu=cortex-m7 -std=gnu11 -DCORE_CM7 -DUSE_HAL_DRIVER -DSTM32H745xx -c -I../Core/Inc -I../../Drivers/STM32H7xx_HAL_Driver/Inc -I../../Drivers/STM32H7xx_HAL_Driver/Inc/Legacy -I../../Drivers/CMSIS/Device/ST/STM32H7xx/Include -I../../Drivers/CMSIS/Include -I../../Middlewares/ST/AI/Inc -I../X-CUBE-AI/App -Os -ffunction-sections -fdata-sections -Wall -fstack-usage -MMD -MP -MF"Core/Src/main.d" -MT"Core/Src/main.o" --specs=nano.specs -mfpu=fpv5-d16 -mfloat-abi=hard -mthumb -o "Core/Src/main.o"
arm-none-eabi-g++ -o "NUCLEO-H745ZI-Q-CUBE-AI-TEMPLATE_CM7.elf" @"objects.list"  -l:NetworkRuntime700_CM7_GCC.a -mcpu=cortex-m7 -T"C:\Users\robin\OneDrive\Hochschule\Master\Masterarbeit\Programme\STM32-Workspace-Steppermotor-Project\NUCLEO-H745ZI-Q-CUBE-AI-TEMPLATE\CM7\STM32H745ZITX_FLASH.ld" --specs=nosys.specs -Wl,-Map="NUCLEO-H745ZI-Q-CUBE-AI-TEMPLATE_CM7.map" -Wl,--gc-sections -static -L../../Middlewares/ST/AI/Lib --specs=nano.specs -mfpu=fpv5-d16 -mfloat-abi=hard -mthumb -u _printf_float -u _scanf_float -Wl,--start-group -lc -lm -lstdc++ -lsupc++ -Wl,--end-group
Finished building target: NUCLEO-H745ZI-Q-CUBE-AI-TEMPLATE_CM7.elf
 
arm-none-eabi-size   NUCLEO-H745ZI-Q-CUBE-AI-TEMPLATE_CM7.elf 
arm-none-eabi-objdump -h -S  NUCLEO-H745ZI-Q-CUBE-AI-TEMPLATE_CM7.elf  > "NUCLEO-H745ZI-Q-CUBE-AI-TEMPLATE_CM7.list"
arm-none-eabi-objcopy  -O binary  NUCLEO-H745ZI-Q-CUBE-AI-TEMPLATE_CM7.elf  "NUCLEO-H745ZI-Q-CUBE-AI-TEMPLATE_CM7.bin"
   text	   data	    bss	    dec	    hex	filename
  53892	   2612	   3224	  59728	   e950	NUCLEO-H745ZI-Q-CUBE-AI-TEMPLATE_CM7.elf
Finished building: default.size.stdout
 
Finished building: NUCLEO-H745ZI-Q-CUBE-AI-TEMPLATE_CM7.bin
 
Finished building: NUCLEO-H745ZI-Q-CUBE-AI-TEMPLATE_CM7.list
 
11:57:18 **** Incremental Build of configuration Debug for project NUCLEO-H745ZI-Q-CUBE-AI-TEMPLATE_CM4 ****
make -j8 all 
arm-none-eabi-gcc "../Core/Src/main.c" -mcpu=cortex-m4 -std=gnu11 -g3 -DDEBUG -DCORE_CM4 -DUSE_HAL_DRIVER -DSTM32H745xx -c -I../Core/Inc -I../../Drivers/STM32H7xx_HAL_Driver/Inc -I../../Drivers/STM32H7xx_HAL_Driver/Inc/Legacy -I../../Drivers/CMSIS/Device/ST/STM32H7xx/Include -I../../Drivers/CMSIS/Include -I"C:/Users/robin/OneDrive/Hochschule/Master/Masterarbeit/Programme/STM32-Workspace-Steppermotor-Project/NUCLEO-H745ZI-Q-CUBE-AI-TEMPLATE/CM4/TMC-API/tmc/helpers" -I"C:/Users/robin/OneDrive/Hochschule/Master/Masterarbeit/Programme/STM32-Workspace-Steppermotor-Project/NUCLEO-H745ZI-Q-CUBE-AI-TEMPLATE/CM4/TMC-API/tmc/ramp" -I"C:/Users/robin/OneDrive/Hochschule/Master/Masterarbeit/Programme/STM32-Workspace-Steppermotor-Project/NUCLEO-H745ZI-Q-CUBE-AI-TEMPLATE/CM4/TMC-API" -I"C:/Users/robin/OneDrive/Hochschule/Master/Masterarbeit/Programme/STM32-Workspace-Steppermotor-Project/NUCLEO-H745ZI-Q-CUBE-AI-TEMPLATE/CM4/TMC-API/tmc/ic/TMC4361A" -I"C:/Users/robin/OneDrive/Hochschule/Master/Masterarbeit/Programme/STM32-Workspace-Steppermotor-Project/NUCLEO-H745ZI-Q-CUBE-AI-TEMPLATE/CM4/TMC-API/tmc/ic/TMC2130" -O0 -ffunction-sections -fdata-sections -Wall -fstack-usage -MMD -MP -MF"Core/Src/main.d" -MT"Core/Src/main.o" --specs=nano.specs -mfpu=fpv4-sp-d16 -mfloat-abi=hard -mthumb -o "Core/Src/main.o"
arm-none-eabi-g++ -o "NUCLEO-H745ZI-Q-CUBE-AI-TEMPLATE_CM4.elf" @"objects.list"   -mcpu=cortex-m4 -T"C:\Users\robin\OneDrive\Hochschule\Master\Masterarbeit\Programme\STM32-Workspace-Steppermotor-Project\NUCLEO-H745ZI-Q-CUBE-AI-TEMPLATE\CM4\STM32H745ZITX_FLASH.ld" --specs=nosys.specs -Wl,-Map="NUCLEO-H745ZI-Q-CUBE-AI-TEMPLATE_CM4.map" -Wl,--gc-sections -static --specs=nano.specs -mfpu=fpv4-sp-d16 -mfloat-abi=hard -mthumb -Wl,--start-group -lc -lm -lstdc++ -lsupc++ -Wl,--end-group
Finished building target: NUCLEO-H745ZI-Q-CUBE-AI-TEMPLATE_CM4.elf
 
arm-none-eabi-size   NUCLEO-H745ZI-Q-CUBE-AI-TEMPLATE_CM4.elf 
arm-none-eabi-objdump -h -S  NUCLEO-H745ZI-Q-CUBE-AI-TEMPLATE_CM4.elf  > "NUCLEO-H745ZI-Q-CUBE-AI-TEMPLATE_CM4.list"
arm-none-eabi-objcopy  -O binary  NUCLEO-H745ZI-Q-CUBE-AI-TEMPLATE_CM4.elf  "NUCLEO-H745ZI-Q-CUBE-AI-TEMPLATE_CM4.bin"
   text	   data	    bss	    dec	    hex	filename
  26752	    124	   2140	  29016	   7158	NUCLEO-H745ZI-Q-CUBE-AI-TEMPLATE_CM4.elf
Finished building: default.size.stdout
 
Finished building: NUCLEO-H745ZI-Q-CUBE-AI-TEMPLATE_CM4.bin
 
Finished building: NUCLEO-H745ZI-Q-CUBE-AI-TEMPLATE_CM4.list
 
11:57:20 **** Incremental Build of configuration Release for project NUCLEO-H745ZI-Q-CUBE-AI-TEMPLATE_CM7 ****
make -j8 all 
arm-none-eabi-gcc "../Core/Src/main.c" -mcpu=cortex-m7 -std=gnu11 -DCORE_CM7 -DUSE_HAL_DRIVER -DSTM32H745xx -c -I../Core/Inc -I../../Drivers/STM32H7xx_HAL_Driver/Inc -I../../Drivers/STM32H7xx_HAL_Driver/Inc/Legacy -I../../Drivers/CMSIS/Device/ST/STM32H7xx/Include -I../../Drivers/CMSIS/Include -I../../Middlewares/ST/AI/Inc -I../X-CUBE-AI/App -Os -ffunction-sections -fdata-sections -Wall -fstack-usage -MMD -MP -MF"Core/Src/main.d" -MT"Core/Src/main.o" --specs=nano.specs -mfpu=fpv5-d16 -mfloat-abi=hard -mthumb -o "Core/Src/main.o"
arm-none-eabi-g++ -o "NUCLEO-H745ZI-Q-CUBE-AI-TEMPLATE_CM7.elf" @"objects.list"  -l:NetworkRuntime700_CM7_GCC.a -mcpu=cortex-m7 -T"C:\Users\robin\OneDrive\Hochschule\Master\Masterarbeit\Programme\STM32-Workspace-Steppermotor-Project\NUCLEO-H745ZI-Q-CUBE-AI-TEMPLATE\CM7\STM32H745ZITX_FLASH.ld" --specs=nosys.specs -Wl,-Map="NUCLEO-H745ZI-Q-CUBE-AI-TEMPLATE_CM7.map" -Wl,--gc-sections -static -L../../Middlewares/ST/AI/Lib --specs=nano.specs -mfpu=fpv5-d16 -mfloat-abi=hard -mthumb -u _printf_float -u _scanf_float -Wl,--start-group -lc -lm -lstdc++ -lsupc++ -Wl,--end-group
Finished building target: NUCLEO-H745ZI-Q-CUBE-AI-TEMPLATE_CM7.elf
 
arm-none-eabi-size   NUCLEO-H745ZI-Q-CUBE-AI-TEMPLATE_CM7.elf 
arm-none-eabi-objdump -h -S  NUCLEO-H745ZI-Q-CUBE-AI-TEMPLATE_CM7.elf  > "NUCLEO-H745ZI-Q-CUBE-AI-TEMPLATE_CM7.list"
arm-none-eabi-objcopy  -O binary  NUCLEO-H745ZI-Q-CUBE-AI-TEMPLATE_CM7.elf  "NUCLEO-H745ZI-Q-CUBE-AI-TEMPLATE_CM7.bin"
   text	   data	    bss	    dec	    hex	filename
  53892	   2612	   3224	  59728	   e950	NUCLEO-H745ZI-Q-CUBE-AI-TEMPLATE_CM7.elf
Finished building: default.size.stdout
 
Finished building: NUCLEO-H745ZI-Q-CUBE-AI-TEMPLATE_CM7.bin
 
Finished building: NUCLEO-H745ZI-Q-CUBE-AI-TEMPLATE_CM7.list
 
